* installing to library ‘/Users/runner/work/_temp/Library’
* installing *source* package ‘rpkgk68’ ...
** this is package ‘rpkgk68’ version ‘0.0.0.9000’
** using staged installation
** libs
using C compiler: ‘Apple clang version 17.0.0 (clang-1700.0.13.5)’
using SDK: ‘MacOSX15.5.sdk’
ALL_CXXFLAGS <D COMPILE.m ?F GITHUB_OUTPUT SHLIB_CXXLD FCLIBS_XTRA GOROOT_1_24_ARM64 ANDROID_NDK_ROOT GITHUB_EVENT_NAME LC_CTYPE GITHUB_ACTION STATIC_LIBR SAN_LIBS CWEAVE ?D CXX20FLAGS CPPFLAGS GITHUB_WORKFLOW @D @F PC CURDIR ACTIONS_RUNNER_ACTION_ARCHIVE_CACHE SHELL RM CO SHLIB_CXX17LD GITHUB_REPOSITORY_OWNER_ID LTO_FC_OPT JAVA_HOME_11_arm64 SHLIB_CXX23LD TZ GITHUB_REF_PROTECTED EDITOR _ GITHUB_REF_NAME R_PACKAGE_DIR SHLIB GITHUB_REF_TYPE R_PAPERSIZE OBJCXX RUNNER_ENVIRONMENT LINK.m R_INSTALL_PKG LINK.o OUTPUT_OPTION R_VERSION JAVA_HOME_17_arm64 GITHUB_GRAPHQL_URL COMPILE.cpp CC90 R_BROWSER FLIBS MAKEFILE_LIST GITHUB_STATE R_PKGS_BASE2 GITHUB_BASE_REF R_DEFAULT_PACKAGES GITHUB_ENV CXX17STD LINK.p CXXFLAGS ACTIONS_ORCHESTRATION_ID COFLAGS GITHUB_PATH RUNNER_ARCH SHLIB_CXX17LDFLAGS CXX17FLAGS SHLIB_CXX20LD CC CXX20 ANDROID_NDK_LATEST_HOME CXX20STD INFOPATH R_SESSION_TMPDIR CHECKOUT,v RUNNER_TOOL_CACHE F_VISIBILITY LEX.m ENABLE_RUNNER_TRACING R_HOME CC23 LINK.cc F77FLAGS COMPILE.S DOTNET_SKIP_FIRST_TIME_EXPERIENCE PATH SHLIB_CXX26LD LD ImageOS P_FCFLAGS JAVA_LIBS ALL_FFLAGS TEXI2DVI LTO SHLIB_CXX20LDFLAGS YACC JAVA_HOME_21_arm64 GITHUB_ACTION_REF C99FLAGS COMPILE.mod GITHUB_WORKFLOW_REF FFLAGS GITHUB_SERVER_URL CFLAGS ARFLAGS SHLIB_LD CXX26 LINK.r PIPX_BIN_DIR PIPX_HOME R_SHARE_DIR LINT COMPILE.f GITHUB_RUN_NUMBER LINT.c YACC.m R_STRIP_SHARED_LIB CXX26STD ALL_LIBS YACC.y R_RD4PDF R_BZIPCMD SHLIB_CXX26LDFLAGS RCT_NO_LAUNCH_PACKAGER LDFLAGS ANDROID_HOME GITHUB_ACTOR .FEATURES DOTNET_MULTILEVEL_LOOKUP CXX_VISIBILITY TANGLE DYLIB_LINK LIBM ECHO_N ECHO R_CMD SSH_AUTH_SOCK R_LIBS_USER GET %F SHLIB_LDFLAGS ECHO_C R_PKGS_RECOMMENDED LIBTOOL FPIEFLAGS COMPILE.F FOUNDATION_CPPFLAGS GITHUB_TRIGGERING_ACTOR CTANGLE R_XTRA_CPPFLAGS ANDROID_NDK .LIBPATTERNS ALL_OBJCXXFLAGS LINK.C PWD GOROOT_1_25_ARM64 JAVA HOMEBREW_CELLAR LINK.S GOROOT_1_22_ARM64 CPP PREPROCESS.r ImageVersion GITHUB_REPOSITORY_OWNER BSTINPUTS LINK.c SHLIB_FFLAGS C90FLAGS MANPATH CXX23 LINK.s SHLIB_CXXLDFLAGS HOME NOT_CRAN LIBnn +D JAR R_XTRA_FFLAGS DYLD_FALLBACK_LIBRARY_PATH MAKEFILEPATH GITHUB_REPOSITORY_ID TAR LOGNAME CXX26FLAGS CXXPICFLAGS RANLIB +F NUNIT_BASE_PATH R_TEXI2DVICMD TEXINPUTS GECKOWEBDRIVER C_VISIBILITY SHLIB_OPENMP_CFLAGS RUNNER_TEMP VCPKG_INSTALLATION_ROOT ^D GITHUB_REF BLAS_LIBS DYLIB_LD HOMEBREW_NO_INSTALL_CLEANUP R_PRINTCMD LC_COLLATE XPC_FLAGS CXX23STD JAVA_CPPFLAGS MAKE HOMEBREW_CASK_OPTS ANDROID_NDK_HOME R_OSTYPE NUNIT3_PATH CI STRIP_SHARED_LIB SHLVL R_STRIP_STATIC_LIB LIBINTL CC99 CXX23FLAGS BOOTSTRAP_HASKELL_INSTALL_NO_STACK_HOOK NM AS GITHUB_RUN_ATTEMPT MAKEOVERRIDES GITHUB_JOB LTO_OPT JAVA_HOME XCODE_16_DEVELOPER_DIR C17FLAGS CXX17 COMPILE.p MAKE_VERSION USER SHLIB_CXX23LDFLAGS R_PAPERSIZE_USER FC .DEFAULT_GOAL GITHUB_ACTION_REPOSITORY LIBR PREPROCESS.S BOOTSTRAP_HASKELL_NONINTERACTIVE PREPROCESS.F DYLIB_LDFLAGS SAFE_FFLAGS GOROOT_1_23_ARM64 TCLTK_CPPFLAGS FCFLAGS %D SHLIB_LINK LIBR1 GITHUB_ACTIONS DYLIB_EXT GITHUB_WORKFLOW_SHA CC17 AR LIBR0 WEAVE MAKE_COMMAND LINK.cpp F77 COMPILE.cc GITHUB_HEAD_REF .VARIABLES TMPDIR R_PKGS_BASE *F JAVAH DOTNET_NOLOGO COMPILE.def RUNNER_TRACKING_ID LEX MAKEFLAGS R_XTRA_CFLAGS FOUNDATION_LIBS MFLAGS *D MAIN_LINK TCLTK_LIBS LEX.l XPC_SERVICE_NAME CPICFLAGS FPICFLAGS JAVA_HOME_25_arm64 HOMEBREW_PREFIX SED COMPILE.r LTO_LD GITHUB_EVENT_PATH C23FLAGS VM_ASSETS SHLIB_LDFLAGS_R -*-command-variables-*- M2C LAPACK_LIBS CXX23PICFLAGS MKINSTALLDIRS AGENT_TOOLSDIRECTORY CXX17PICFLAGS OBJC_LIBS SHLIB_FCLD EDGEWEBDRIVER HOMEBREW_REPOSITORY GITHUB_STEP_SUMMARY R_INCLUDE_DIR __CF_USER_TEXT_ENCODING ALL_CPPFLAGS MAKEFILES R_LIBRARY_DIR HOMEBREW_NO_AUTO_UPDATE <F LN_S R_QPDF STRIP_STATIC_LIB CXX SHLIB_LIBADD ALL_CFLAGS R_GZIPCMD SHLIB_OPENMP_CXXFLAGS GITHUB_API_URL LINK.F XCODE_26_DEVELOPER_DIR PAGER ANDROID_SDK_ROOT LC_ALL JAVA_LD_LIBRARY_PATH ECHO_T CXX20PICFLAGS SHLIB_EXT GITHUB_RUN_ID R_PKGS_BASE1 SHLIB_FCLDFLAGS R_PACKAGE_NAME SHLIB_CFLAGS COMPILE.C R_LIBS_SITE GITHUB_REPOSITORY R_LIBS ^F R_PLATFORM RUNNER_NAME ALL_OBJCFLAGS GITHUB_WORKSPACE R_ARCH SUFFIXES MAIN_LD COMPILE.c SHLIB_OPENMP_FFLAGS LIBS GITHUB_SHA COMPILE.s BIBINPUTS R_UNZIPCMD SHLIB_CXXFLAGS CXX26PICFLAGS R_PDFVIEWER MAKELEVEL OBJECTS RUNNER_WORKSPACE MAKEINFO CHROMEWEBDRIVER JAVAC PKGCACHE_HTTP_VERSION R_DOC_DIR OBJC ALL_FCFLAGS TEX LTO_FC _R_CHECK_SYSTEM_CLOCK_ R_ZIPCMD RUNNER_OS R_XTRA_CXXFLAGS GITHUB_RETENTION_DAYS LINK.f GITHUB_ACTOR_ID OBJCFLAGS MAIN_LDFLAGS LANG GNUMAKE
clang -arch arm64 -I"/Library/Frameworks/R.framework/Resources/include" -DNDEBUG   -I/opt/R/arm64/include    -fPIC  -falign-functions=64 -Wall -g -O2  -c stub.c -o stub.o
clang -arch arm64 -dynamiclib -Wl,-headerpad_max_install_names -undefined dynamic_lookup -L/Library/Frameworks/R.framework/Resources/lib -L/opt/R/arm64/lib -o rpkgk68.so stub.o -F/Library/Frameworks/R.framework/.. -framework R
installing to /Users/runner/work/_temp/Library/00LOCK-r-makevars-variables/00new/rpkgk68/libs
** help
No man pages found in package  ‘rpkgk68’ 
*** installing help indices
** building package indices
** testing if installed package can be loaded from temporary location
** checking absolute paths in shared objects and dynamic libraries
** testing if installed package can be loaded from final location
** testing if installed package keeps a record of temporary installation path
* DONE (rpkgk68)
